# JRE version: OpenJDK Runtime Environment AdoptOpenJDK-11.0.11+9 (11.0.11+9) (build 11.0.11+9)
# Java VM: OpenJDK 64-Bit Server VM AdoptOpenJDK-11.0.11+9 (11.0.11+9, mixed mode, tiered, compressed oops, g1 gc, windows-amd64)
Heap:
 garbage-first heap   total 163840K, used 79079K [0x0000000760e00000, 0x0000000800000000)
  region size 1024K, 70 young (71680K), 5 survivors (5120K)
 Metaspace       used 44824K, capacity 46030K, committed 46252K, reserved 1093632K
  class space    used 5593K, capacity 6068K, committed 6144K, reserved 1048576K
GC Heap History (10 events):
Event: 1.589 GC heap before
{Heap before GC invocations=0 (full 0):
 garbage-first heap   total 163840K, used 24576K [0x0000000760e00000, 0x0000000800000000)
  region size 1024K, 24 young (24576K), 0 survivors (0K)
 Metaspace       used 10958K, capacity 11367K, committed 11520K, reserved 1058816K
  class space    used 1123K, capacity 1267K, committed 1280K, reserved 1048576K
}
Event: 1.599 GC heap after
{Heap after GC invocations=1 (full 0):
 garbage-first heap   total 163840K, used 6672K [0x0000000760e00000, 0x0000000800000000)
  region size 1024K, 3 young (3072K), 3 survivors (3072K)
 Metaspace       used 10958K, capacity 11367K, committed 11520K, reserved 1058816K
  class space    used 1123K, capacity 1267K, committed 1280K, reserved 1048576K
}
Event: 4.754 GC heap before
{Heap before GC invocations=1 (full 0):
 garbage-first heap   total 163840K, used 60944K [0x0000000760e00000, 0x0000000800000000)
  region size 1024K, 57 young (58368K), 3 survivors (3072K)
 Metaspace       used 20329K, capacity 21044K, committed 21248K, reserved 1069056K
  class space    used 2288K, capacity 2538K, committed 2560K, reserved 1048576K
}
Event: 4.765 GC heap after
{Heap after GC invocations=2 (full 0):
 garbage-first heap   total 163840K, used 9635K [0x0000000760e00000, 0x0000000800000000)
  region size 1024K, 6 young (6144K), 6 survivors (6144K)
 Metaspace       used 20329K, capacity 21044K, committed 21248K, reserved 1069056K
  class space    used 2288K, capacity 2538K, committed 2560K, reserved 1048576K
}
Event: 6.142 GC heap before
{Heap before GC invocations=3 (full 0):
 garbage-first heap   total 163840K, used 63907K [0x0000000760e00000, 0x0000000800000000)
  region size 1024K, 60 young (61440K), 6 survivors (6144K)
 Metaspace       used 26907K, capacity 27765K, committed 27904K, reserved 1073152K
  class space    used 3129K, capacity 3487K, committed 3584K, reserved 1048576K
}
Event: 6.213 GC heap after
{Heap after GC invocations=4 (full 0):
 garbage-first heap   total 163840K, used 10868K [0x0000000760e00000, 0x0000000800000000)
  region size 1024K, 5 young (5120K), 5 survivors (5120K)
 Metaspace       used 26907K, capacity 27765K, committed 27904K, reserved 1073152K
  class space    used 3129K, capacity 3487K, committed 3584K, reserved 1048576K
}
Event: 10.613 GC heap before
{Heap before GC invocations=4 (full 0):
 garbage-first heap   total 163840K, used 84596K [0x0000000760e00000, 0x0000000800000000)
  region size 1024K, 78 young (79872K), 5 survivors (5120K)
 Metaspace       used 33658K, capacity 34705K, committed 34944K, reserved 1079296K
  class space    used 3936K, capacity 4367K, committed 4480K, reserved 1048576K
}
Event: 10.622 GC heap after
{Heap after GC invocations=5 (full 0):
 garbage-first heap   total 163840K, used 13803K [0x0000000760e00000, 0x0000000800000000)
  region size 1024K, 8 young (8192K), 8 survivors (8192K)
 Metaspace       used 33658K, capacity 34705K, committed 34944K, reserved 1079296K
  class space    used 3936K, capacity 4367K, committed 4480K, reserved 1048576K
}
Event: 10.816 GC heap before
{Heap before GC invocations=5 (full 0):
 garbage-first heap   total 163840K, used 17899K [0x0000000760e00000, 0x0000000800000000)
  region size 1024K, 13 young (13312K), 8 survivors (8192K)
 Metaspace       used 34431K, capacity 35441K, committed 35628K, reserved 1081344K
  class space    used 4041K, capacity 4463K, committed 4480K, reserved 1048576K
}
Event: 10.830 GC heap after
{Heap after GC invocations=6 (full 0):
 garbage-first heap   total 163840K, used 13543K [0x0000000760e00000, 0x0000000800000000)
  region size 1024K, 5 young (5120K), 5 survivors (5120K)
 Metaspace       used 34431K, capacity 35441K, committed 35628K, reserved 1081344K
  class space    used 4041K, capacity 4463K, committed 4480K, reserved 1048576K
}

