# JRE version: OpenJDK Runtime Environment AdoptOpenJDK-11.0.11+9 (11.0.11+9) (build 11.0.11+9)
# Java VM: OpenJDK 64-Bit Server VM AdoptOpenJDK-11.0.11+9 (11.0.11+9, mixed mode, tiered, compressed oops, g1 gc, windows-amd64)
Heap:
 garbage-first heap   total 163840K, used 40754K [0x0000000760e00000, 0x0000000800000000)
  region size 1024K, 32 young (32768K), 8 survivors (8192K)
 Metaspace       used 50416K, capacity 51634K, committed 51756K, reserved 1093632K
  class space    used 6457K, capacity 6930K, committed 7040K, reserved 1048576K
GC Heap History (12 events):
Event: 0.983 GC heap before
{Heap before GC invocations=0 (full 0):
 garbage-first heap   total 163840K, used 24576K [0x0000000760e00000, 0x0000000800000000)
  region size 1024K, 24 young (24576K), 0 survivors (0K)
 Metaspace       used 10961K, capacity 11370K, committed 11520K, reserved 1058816K
  class space    used 1126K, capacity 1268K, committed 1280K, reserved 1048576K
}
Event: 0.989 GC heap after
{Heap after GC invocations=1 (full 0):
 garbage-first heap   total 163840K, used 6654K [0x0000000760e00000, 0x0000000800000000)
  region size 1024K, 3 young (3072K), 3 survivors (3072K)
 Metaspace       used 10961K, capacity 11370K, committed 11520K, reserved 1058816K
  class space    used 1126K, capacity 1268K, committed 1280K, reserved 1048576K
}
Event: 3.104 GC heap before
{Heap before GC invocations=1 (full 0):
 garbage-first heap   total 163840K, used 59902K [0x0000000760e00000, 0x0000000800000000)
  region size 1024K, 55 young (56320K), 3 survivors (3072K)
 Metaspace       used 20192K, capacity 20916K, committed 20992K, reserved 1067008K
  class space    used 2268K, capacity 2538K, committed 2560K, reserved 1048576K
}
Event: 3.112 GC heap after
{Heap after GC invocations=2 (full 0):
 garbage-first heap   total 163840K, used 9099K [0x0000000760e00000, 0x0000000800000000)
  region size 1024K, 6 young (6144K), 6 survivors (6144K)
 Metaspace       used 20192K, capacity 20916K, committed 20992K, reserved 1067008K
  class space    used 2268K, capacity 2538K, committed 2560K, reserved 1048576K
}
Event: 3.155 GC heap before
{Heap before GC invocations=2 (full 0):
 garbage-first heap   total 163840K, used 9099K [0x0000000760e00000, 0x0000000800000000)
  region size 1024K, 7 young (7168K), 6 survivors (6144K)
 Metaspace       used 20316K, capacity 21044K, committed 21248K, reserved 1069056K
  class space    used 2288K, capacity 2538K, committed 2560K, reserved 1048576K
}
Event: 3.163 GC heap after
{Heap after GC invocations=3 (full 0):
 garbage-first heap   total 163840K, used 9668K [0x0000000760e00000, 0x0000000800000000)
  region size 1024K, 3 young (3072K), 3 survivors (3072K)
 Metaspace       used 20316K, capacity 21044K, committed 21248K, reserved 1069056K
  class space    used 2288K, capacity 2538K, committed 2560K, reserved 1048576K
}
Event: 4.322 GC heap before
{Heap before GC invocations=4 (full 0):
 garbage-first heap   total 163840K, used 76228K [0x0000000760e00000, 0x0000000800000000)
  region size 1024K, 69 young (70656K), 3 survivors (3072K)
 Metaspace       used 26897K, capacity 27764K, committed 27904K, reserved 1073152K
  class space    used 3128K, capacity 3487K, committed 3584K, reserved 1048576K
}
Event: 4.329 GC heap after
{Heap after GC invocations=5 (full 0):
 garbage-first heap   total 163840K, used 11234K [0x0000000760e00000, 0x0000000800000000)
  region size 1024K, 5 young (5120K), 5 survivors (5120K)
 Metaspace       used 26897K, capacity 27764K, committed 27904K, reserved 1073152K
  class space    used 3128K, capacity 3487K, committed 3584K, reserved 1048576K
}
Event: 9.872 GC heap before
{Heap before GC invocations=5 (full 0):
 garbage-first heap   total 163840K, used 76770K [0x0000000760e00000, 0x0000000800000000)
  region size 1024K, 71 young (72704K), 5 survivors (5120K)
 Metaspace       used 34430K, capacity 35440K, committed 35628K, reserved 1081344K
  class space    used 4041K, capacity 4463K, committed 4480K, reserved 1048576K
}
Event: 9.889 GC heap after
{Heap after GC invocations=6 (full 0):
 garbage-first heap   total 163840K, used 13661K [0x0000000760e00000, 0x0000000800000000)
  region size 1024K, 7 young (7168K), 7 survivors (7168K)
 Metaspace       used 34430K, capacity 35440K, committed 35628K, reserved 1081344K
  class space    used 4041K, capacity 4463K, committed 4480K, reserved 1048576K
}
Event: 15.549 GC heap before
{Heap before GC invocations=7 (full 0):
 garbage-first heap   total 163840K, used 98653K [0x0000000760e00000, 0x0000000800000000)
  region size 1024K, 90 young (92160K), 7 survivors (7168K)
 Metaspace       used 48200K, capacity 49432K, committed 49580K, reserved 1091584K
  class space    used 6143K, capacity 6623K, committed 6656K, reserved 1048576K
}
Event: 15.563 GC heap after
{Heap after GC invocations=8 (full 0):
 garbage-first heap   total 163840K, used 17202K [0x0000000760e00000, 0x0000000800000000)
  region size 1024K, 8 young (8192K), 8 survivors (8192K)
 Metaspace       used 48200K, capacity 49432K, committed 49580K, reserved 1091584K
  class space    used 6143K, capacity 6623K, committed 6656K, reserved 1048576K
}

